<?xml version="1.0" encoding="UTF-8"?>
<!-- Generated by org.testng.reporters.JUnitReportReporter -->
<testsuite hostname="DESKTOP-GPKURBV" failures="0" tests="1" name="GitJenkinsDemo.GitJenkinsDemo.ValidateGoogleHomePage" time="1.608" errors="0" timestamp="2023-10-04T15:09:01 CDT" skipped="0">
  <testcase classname="GitJenkinsDemo.GitJenkinsDemo.ValidateGoogleHomePage" name="validateHomePage" time="1.608"/>
  <system-out/>
</testsuite> <!-- GitJenkinsDemo.GitJenkinsDemo.ValidateGoogleHomePage -->
